<?xml version="1.0" encoding="UTF-8"?>
<!-- Generated by org.testng.reporters.JUnitReportReporter -->
<testsuite hostname="ayaansh" failures="0" tests="1" name="BaseMethod.demo" time="4.383" errors="0" timestamp="2024-02-05T22:09:50 IST" skipped="0">
  <testcase classname="BaseMethod.demo" name="test" time="4.383"/>
</testsuite> <!-- BaseMethod.demo -->
