<?xml version="1.0" encoding="UTF-8"?>
<!-- Generated by org.testng.reporters.JUnitReportReporter -->
<testsuite hostname="ayaansh" failures="0" tests="2" name="BaseMethod.demo" time="6.569" errors="0" timestamp="2024-02-06T22:03:18 IST" skipped="1">
  <testcase classname="BaseMethod.demo" name="test2" time="6.569"/>
  <testcase classname="BaseMethod.demo" name="test1">
    <skipped/>
  </testcase> <!-- test1 -->
</testsuite> <!-- BaseMethod.demo -->
