<?xml version="1.0" encoding="UTF-8"?>
<!-- Generated by org.testng.reporters.JUnitReportReporter -->
<testsuite hostname="ayaansh" failures="0" tests="2" name="BaseMethod.demo" time="3.095" errors="0" timestamp="2024-02-06T15:24:33 IST" skipped="0">
  <testcase classname="BaseMethod.demo" name="test2" time="2.017"/>
  <testcase classname="BaseMethod.demo" name="test1" time="1.078"/>
</testsuite> <!-- BaseMethod.demo -->
